# JRE version: OpenJDK Runtime Environment Temurin-17.0.13+11 (17.0.13+11) (build 17.0.13+11)
# Java VM: OpenJDK 64-Bit Server VM Temurin-17.0.13+11 (17.0.13+11, mixed mode, tiered, compressed oops, compressed class ptrs, parallel gc, windows-amd64)
GC Precious Log:
 CPUs: 4 total, 4 available
 Memory: 16354M
 Large Page Support: Disabled
 NUMA Support: Disabled
 Compressed Oops: Enabled (32-bit)
 Alignments: Space 512K, Generation 512K, Heap 2M
 Heap Min Capacity: 100M
 Heap Initial Capacity: 100M
 Heap Max Capacity: 1G
 Pre-touch: Disabled
 Parallel Workers: 4
Heap:
 PSYoungGen      total 6144K, used 6144K [0x00000000eab00000, 0x00000000eb600000, 0x0000000100000000)
  eden space 5120K, 100% used [0x00000000eab00000,0x00000000eb000000,0x00000000eb000000)
  from space 1024K, 100% used [0x00000000eb000000,0x00000000eb100000,0x00000000eb100000)
  to   space 3072K, 0% used [0x00000000eb300000,0x00000000eb300000,0x00000000eb600000)
 ParOldGen       total 276480K, used 276335K [0x00000000c0000000, 0x00000000d0e00000, 0x00000000eab00000)
  object space 276480K, 99% used [0x00000000c0000000,0x00000000d0ddbd38,0x00000000d0e00000)
 Metaspace       used 83857K, committed 85376K, reserved 1179648K
  class space    used 8557K, committed 9216K, reserved 1048576K
GC Heap History (20 events):
Event: 98.020 GC heap after
{Heap after GC invocations=1089 (full 24):
 PSYoungGen      total 3584K, used 1004K [0x00000000eab00000, 0x00000000eb400000, 0x0000000100000000)
  eden space 2560K, 0% used [0x00000000eab00000,0x00000000eab00000,0x00000000ead80000)
  from space 1024K, 98% used [0x00000000eb000000,0x00000000eb0fb2a0,0x00000000eb100000)
  to   space 2560K, 0% used [0x00000000ead80000,0x00000000ead80000,0x00000000eb000000)
 ParOldGen       total 275968K, used 271086K [0x00000000c0000000, 0x00000000d0d80000, 0x00000000eab00000)
  object space 275968K, 98% used [0x00000000c0000000,0x00000000d08bba70,0x00000000d0d80000)
 Metaspace       used 83703K, committed 85248K, reserved 1179648K
  class space    used 8543K, committed 9216K, reserved 1048576K
}
Event: 98.024 GC heap before
{Heap before GC invocations=1090 (full 24):
 PSYoungGen      total 3584K, used 3564K [0x00000000eab00000, 0x00000000eb400000, 0x0000000100000000)
  eden space 2560K, 100% used [0x00000000eab00000,0x00000000ead80000,0x00000000ead80000)
  from space 1024K, 98% used [0x00000000eb000000,0x00000000eb0fb2a0,0x00000000eb100000)
  to   space 2560K, 0% used [0x00000000ead80000,0x00000000ead80000,0x00000000eb000000)
 ParOldGen       total 275968K, used 271086K [0x00000000c0000000, 0x00000000d0d80000, 0x00000000eab00000)
  object space 275968K, 98% used [0x00000000c0000000,0x00000000d08bba70,0x00000000d0d80000)
 Metaspace       used 83703K, committed 85248K, reserved 1179648K
  class space    used 8543K, committed 9216K, reserved 1048576K
}
Event: 98.027 GC heap after
{Heap after GC invocations=1090 (full 24):
 PSYoungGen      total 3072K, used 387K [0x00000000eab00000, 0x00000000eb080000, 0x0000000100000000)
  eden space 2560K, 0% used [0x00000000eab00000,0x00000000eab00000,0x00000000ead80000)
  from space 512K, 75% used [0x00000000ead80000,0x00000000eade0c00,0x00000000eae00000)
  to   space 1024K, 0% used [0x00000000eaf80000,0x00000000eaf80000,0x00000000eb080000)
 ParOldGen       total 275968K, used 272071K [0x00000000c0000000, 0x00000000d0d80000, 0x00000000eab00000)
  object space 275968K, 98% used [0x00000000c0000000,0x00000000d09b1e10,0x00000000d0d80000)
 Metaspace       used 83703K, committed 85248K, reserved 1179648K
  class space    used 8543K, committed 9216K, reserved 1048576K
}
Event: 98.038 GC heap before
{Heap before GC invocations=1091 (full 24):
 PSYoungGen      total 3072K, used 2947K [0x00000000eab00000, 0x00000000eb080000, 0x0000000100000000)
  eden space 2560K, 100% used [0x00000000eab00000,0x00000000ead80000,0x00000000ead80000)
  from space 512K, 75% used [0x00000000ead80000,0x00000000eade0c00,0x00000000eae00000)
  to   space 1024K, 0% used [0x00000000eaf80000,0x00000000eaf80000,0x00000000eb080000)
 ParOldGen       total 275968K, used 272071K [0x00000000c0000000, 0x00000000d0d80000, 0x00000000eab00000)
  object space 275968K, 98% used [0x00000000c0000000,0x00000000d09b1e10,0x00000000d0d80000)
 Metaspace       used 83703K, committed 85248K, reserved 1179648K
  class space    used 8543K, committed 9216K, reserved 1048576K
}
Event: 98.039 GC heap after
{Heap after GC invocations=1091 (full 24):
 PSYoungGen      total 3584K, used 404K [0x00000000eab00000, 0x00000000eb000000, 0x0000000100000000)
  eden space 3072K, 0% used [0x00000000eab00000,0x00000000eab00000,0x00000000eae00000)
  from space 512K, 78% used [0x00000000eaf80000,0x00000000eafe5000,0x00000000eb000000)
  to   space 512K, 0% used [0x00000000eaf00000,0x00000000eaf00000,0x00000000eaf80000)
 ParOldGen       total 275968K, used 272413K [0x00000000c0000000, 0x00000000d0d80000, 0x00000000eab00000)
  object space 275968K, 98% used [0x00000000c0000000,0x00000000d0a076b0,0x00000000d0d80000)
 Metaspace       used 83703K, committed 85248K, reserved 1179648K
  class space    used 8543K, committed 9216K, reserved 1048576K
}
Event: 98.050 GC heap before
{Heap before GC invocations=1092 (full 24):
 PSYoungGen      total 3584K, used 3476K [0x00000000eab00000, 0x00000000eb000000, 0x0000000100000000)
  eden space 3072K, 100% used [0x00000000eab00000,0x00000000eae00000,0x00000000eae00000)
  from space 512K, 78% used [0x00000000eaf80000,0x00000000eafe5000,0x00000000eb000000)
  to   space 512K, 0% used [0x00000000eaf00000,0x00000000eaf00000,0x00000000eaf80000)
 ParOldGen       total 275968K, used 272413K [0x00000000c0000000, 0x00000000d0d80000, 0x00000000eab00000)
  object space 275968K, 98% used [0x00000000c0000000,0x00000000d0a076b0,0x00000000d0d80000)
 Metaspace       used 83705K, committed 85248K, reserved 1179648K
  class space    used 8543K, committed 9216K, reserved 1048576K
}
Event: 98.053 GC heap after
{Heap after GC invocations=1092 (full 24):
 PSYoungGen      total 4608K, used 506K [0x00000000eab00000, 0x00000000eb200000, 0x0000000100000000)
  eden space 4096K, 0% used [0x00000000eab00000,0x00000000eab00000,0x00000000eaf00000)
  from space 512K, 98% used [0x00000000eaf00000,0x00000000eaf7e920,0x00000000eaf80000)
  to   space 1536K, 0% used [0x00000000eb080000,0x00000000eb080000,0x00000000eb200000)
 ParOldGen       total 275968K, used 272841K [0x00000000c0000000, 0x00000000d0d80000, 0x00000000eab00000)
  object space 275968K, 98% used [0x00000000c0000000,0x00000000d0a726a8,0x00000000d0d80000)
 Metaspace       used 83705K, committed 85248K, reserved 1179648K
  class space    used 8543K, committed 9216K, reserved 1048576K
}
Event: 98.109 GC heap before
{Heap before GC invocations=1093 (full 24):
 PSYoungGen      total 4608K, used 4602K [0x00000000eab00000, 0x00000000eb200000, 0x0000000100000000)
  eden space 4096K, 100% used [0x00000000eab00000,0x00000000eaf00000,0x00000000eaf00000)
  from space 512K, 98% used [0x00000000eaf00000,0x00000000eaf7e920,0x00000000eaf80000)
  to   space 1536K, 0% used [0x00000000eb080000,0x00000000eb080000,0x00000000eb200000)
 ParOldGen       total 275968K, used 272841K [0x00000000c0000000, 0x00000000d0d80000, 0x00000000eab00000)
  object space 275968K, 98% used [0x00000000c0000000,0x00000000d0a726a8,0x00000000d0d80000)
 Metaspace       used 83705K, committed 85248K, reserved 1179648K
  class space    used 8543K, committed 9216K, reserved 1048576K
}
Event: 98.111 GC heap after
{Heap after GC invocations=1093 (full 24):
 PSYoungGen      total 5632K, used 256K [0x00000000eab00000, 0x00000000eb100000, 0x0000000100000000)
  eden space 5120K, 0% used [0x00000000eab00000,0x00000000eab00000,0x00000000eb000000)
  from space 512K, 50% used [0x00000000eb080000,0x00000000eb0c0000,0x00000000eb100000)
  to   space 512K, 0% used [0x00000000eb000000,0x00000000eb000000,0x00000000eb080000)
 ParOldGen       total 275968K, used 273094K [0x00000000c0000000, 0x00000000d0d80000, 0x00000000eab00000)
  object space 275968K, 98% used [0x00000000c0000000,0x00000000d0ab18c8,0x00000000d0d80000)
 Metaspace       used 83705K, committed 85248K, reserved 1179648K
  class space    used 8543K, committed 9216K, reserved 1048576K
}
Event: 98.164 GC heap before
{Heap before GC invocations=1094 (full 24):
 PSYoungGen      total 5632K, used 5374K [0x00000000eab00000, 0x00000000eb100000, 0x0000000100000000)
  eden space 5120K, 99% used [0x00000000eab00000,0x00000000eafff8a0,0x00000000eb000000)
  from space 512K, 50% used [0x00000000eb080000,0x00000000eb0c0000,0x00000000eb100000)
  to   space 512K, 0% used [0x00000000eb000000,0x00000000eb000000,0x00000000eb080000)
 ParOldGen       total 275968K, used 273094K [0x00000000c0000000, 0x00000000d0d80000, 0x00000000eab00000)
  object space 275968K, 98% used [0x00000000c0000000,0x00000000d0ab18c8,0x00000000d0d80000)
 Metaspace       used 83705K, committed 85248K, reserved 1179648K
  class space    used 8543K, committed 9216K, reserved 1048576K
}
Event: 98.166 GC heap after
{Heap after GC invocations=1094 (full 24):
 PSYoungGen      total 5632K, used 506K [0x00000000eab00000, 0x00000000eb200000, 0x0000000100000000)
  eden space 5120K, 0% used [0x00000000eab00000,0x00000000eab00000,0x00000000eb000000)
  from space 512K, 98% used [0x00000000eb000000,0x00000000eb07ea80,0x00000000eb080000)
  to   space 1024K, 0% used [0x00000000eb100000,0x00000000eb100000,0x00000000eb200000)
 ParOldGen       total 275968K, used 273286K [0x00000000c0000000, 0x00000000d0d80000, 0x00000000eab00000)
  object space 275968K, 99% used [0x00000000c0000000,0x00000000d0ae18c8,0x00000000d0d80000)
 Metaspace       used 83705K, committed 85248K, reserved 1179648K
  class space    used 8543K, committed 9216K, reserved 1048576K
}
Event: 98.191 GC heap before
{Heap before GC invocations=1095 (full 24):
 PSYoungGen      total 5632K, used 5616K [0x00000000eab00000, 0x00000000eb200000, 0x0000000100000000)
  eden space 5120K, 99% used [0x00000000eab00000,0x00000000eaffd808,0x00000000eb000000)
  from space 512K, 98% used [0x00000000eb000000,0x00000000eb07ea80,0x00000000eb080000)
  to   space 1024K, 0% used [0x00000000eb100000,0x00000000eb100000,0x00000000eb200000)
 ParOldGen       total 275968K, used 273286K [0x00000000c0000000, 0x00000000d0d80000, 0x00000000eab00000)
  object space 275968K, 99% used [0x00000000c0000000,0x00000000d0ae18c8,0x00000000d0d80000)
 Metaspace       used 83706K, committed 85248K, reserved 1179648K
  class space    used 8543K, committed 9216K, reserved 1048576K
}
Event: 98.193 GC heap after
{Heap after GC invocations=1095 (full 24):
 PSYoungGen      total 6144K, used 694K [0x00000000eab00000, 0x00000000eb200000, 0x0000000100000000)
  eden space 5120K, 0% used [0x00000000eab00000,0x00000000eab00000,0x00000000eb000000)
  from space 1024K, 67% used [0x00000000eb100000,0x00000000eb1ad808,0x00000000eb200000)
  to   space 1024K, 0% used [0x00000000eb000000,0x00000000eb000000,0x00000000eb100000)
 ParOldGen       total 275968K, used 273752K [0x00000000c0000000, 0x00000000d0d80000, 0x00000000eab00000)
  object space 275968K, 99% used [0x00000000c0000000,0x00000000d0b56348,0x00000000d0d80000)
 Metaspace       used 83706K, committed 85248K, reserved 1179648K
  class space    used 8543K, committed 9216K, reserved 1048576K
}
Event: 98.218 GC heap before
{Heap before GC invocations=1096 (full 24):
 PSYoungGen      total 6144K, used 5814K [0x00000000eab00000, 0x00000000eb200000, 0x0000000100000000)
  eden space 5120K, 100% used [0x00000000eab00000,0x00000000eb000000,0x00000000eb000000)
  from space 1024K, 67% used [0x00000000eb100000,0x00000000eb1ad808,0x00000000eb200000)
  to   space 1024K, 0% used [0x00000000eb000000,0x00000000eb000000,0x00000000eb100000)
 ParOldGen       total 275968K, used 273752K [0x00000000c0000000, 0x00000000d0d80000, 0x00000000eab00000)
  object space 275968K, 99% used [0x00000000c0000000,0x00000000d0b56348,0x00000000d0d80000)
 Metaspace       used 83711K, committed 85248K, reserved 1179648K
  class space    used 8544K, committed 9216K, reserved 1048576K
}
Event: 98.220 GC heap after
{Heap after GC invocations=1096 (full 24):
 PSYoungGen      total 6144K, used 736K [0x00000000eab00000, 0x00000000eb200000, 0x0000000100000000)
  eden space 5120K, 0% used [0x00000000eab00000,0x00000000eab00000,0x00000000eb000000)
  from space 1024K, 71% used [0x00000000eb000000,0x00000000eb0b8000,0x00000000eb100000)
  to   space 1024K, 0% used [0x00000000eb100000,0x00000000eb100000,0x00000000eb200000)
 ParOldGen       total 275968K, used 274414K [0x00000000c0000000, 0x00000000d0d80000, 0x00000000eab00000)
  object space 275968K, 99% used [0x00000000c0000000,0x00000000d0bfbb50,0x00000000d0d80000)
 Metaspace       used 83711K, committed 85248K, reserved 1179648K
  class space    used 8544K, committed 9216K, reserved 1048576K
}
Event: 98.485 GC heap before
{Heap before GC invocations=1097 (full 24):
 PSYoungGen      total 6144K, used 5856K [0x00000000eab00000, 0x00000000eb200000, 0x0000000100000000)
  eden space 5120K, 100% used [0x00000000eab00000,0x00000000eb000000,0x00000000eb000000)
  from space 1024K, 71% used [0x00000000eb000000,0x00000000eb0b8000,0x00000000eb100000)
  to   space 1024K, 0% used [0x00000000eb100000,0x00000000eb100000,0x00000000eb200000)
 ParOldGen       total 275968K, used 274414K [0x00000000c0000000, 0x00000000d0d80000, 0x00000000eab00000)
  object space 275968K, 99% used [0x00000000c0000000,0x00000000d0bfbb50,0x00000000d0d80000)
 Metaspace       used 83852K, committed 85376K, reserved 1179648K
  class space    used 8557K, committed 9216K, reserved 1048576K
}
Event: 98.487 GC heap after
{Heap after GC invocations=1097 (full 24):
 PSYoungGen      total 6144K, used 613K [0x00000000eab00000, 0x00000000eb200000, 0x0000000100000000)
  eden space 5120K, 0% used [0x00000000eab00000,0x00000000eab00000,0x00000000eb000000)
  from space 1024K, 59% used [0x00000000eb100000,0x00000000eb1994f8,0x00000000eb200000)
  to   space 1024K, 0% used [0x00000000eb000000,0x00000000eb000000,0x00000000eb100000)
 ParOldGen       total 275968K, used 275070K [0x00000000c0000000, 0x00000000d0d80000, 0x00000000eab00000)
  object space 275968K, 99% used [0x00000000c0000000,0x00000000d0c9fb50,0x00000000d0d80000)
 Metaspace       used 83852K, committed 85376K, reserved 1179648K
  class space    used 8557K, committed 9216K, reserved 1048576K
}
Event: 98.516 GC heap before
{Heap before GC invocations=1098 (full 24):
 PSYoungGen      total 6144K, used 5733K [0x00000000eab00000, 0x00000000eb200000, 0x0000000100000000)
  eden space 5120K, 100% used [0x00000000eab00000,0x00000000eb000000,0x00000000eb000000)
  from space 1024K, 59% used [0x00000000eb100000,0x00000000eb1994f8,0x00000000eb200000)
  to   space 1024K, 0% used [0x00000000eb000000,0x00000000eb000000,0x00000000eb100000)
 ParOldGen       total 275968K, used 275070K [0x00000000c0000000, 0x00000000d0d80000, 0x00000000eab00000)
  object space 275968K, 99% used [0x00000000c0000000,0x00000000d0c9fb50,0x00000000d0d80000)
 Metaspace       used 83854K, committed 85376K, reserved 1179648K
  class space    used 8557K, committed 9216K, reserved 1048576K
}
Event: 98.519 GC heap after
{Heap after GC invocations=1098 (full 24):
 PSYoungGen      total 6144K, used 1024K [0x00000000eab00000, 0x00000000eb600000, 0x0000000100000000)
  eden space 5120K, 0% used [0x00000000eab00000,0x00000000eab00000,0x00000000eb000000)
  from space 1024K, 100% used [0x00000000eb000000,0x00000000eb100000,0x00000000eb100000)
  to   space 3072K, 0% used [0x00000000eb300000,0x00000000eb300000,0x00000000eb600000)
 ParOldGen       total 276480K, used 276335K [0x00000000c0000000, 0x00000000d0e00000, 0x00000000eab00000)
  object space 276480K, 99% used [0x00000000c0000000,0x00000000d0ddbd38,0x00000000d0e00000)
 Metaspace       used 83854K, committed 85376K, reserved 1179648K
  class space    used 8557K, committed 9216K, reserved 1048576K
}
Event: 98.538 GC heap before
{Heap before GC invocations=1099 (full 25):
 PSYoungGen      total 6144K, used 6144K [0x00000000eab00000, 0x00000000eb600000, 0x0000000100000000)
  eden space 5120K, 100% used [0x00000000eab00000,0x00000000eb000000,0x00000000eb000000)
  from space 1024K, 100% used [0x00000000eb000000,0x00000000eb100000,0x00000000eb100000)
  to   space 3072K, 0% used [0x00000000eb300000,0x00000000eb300000,0x00000000eb600000)
 ParOldGen       total 276480K, used 276335K [0x00000000c0000000, 0x00000000d0e00000, 0x00000000eab00000)
  object space 276480K, 99% used [0x00000000c0000000,0x00000000d0ddbd38,0x00000000d0e00000)
 Metaspace       used 83857K, committed 85376K, reserved 1179648K
  class space    used 8557K, committed 9216K, reserved 1048576K
}

